This file contains any messages produced by compilers while
running configure, to aid debugging if configure makes a mistake.

It was created by AWorkLog_Diary configure 0.1, which was
generated by GNU Autoconf 2.69.  Invocation command line was

  $ ./configure 

## --------- ##
## Platform. ##
## --------- ##

hostname = yotu-H116K
uname -m = x86_64
uname -r = 3.11.0-17-generic
uname -s = Linux
uname -v = #31-Ubuntu SMP Mon Feb 3 21:52:43 UTC 2014

/usr/bin/uname -p = unknown
/bin/uname -X     = unknown

/bin/arch              = unknown
/usr/bin/arch -k       = unknown
/usr/convex/getsysinfo = unknown
/usr/bin/hostinfo      = unknown
/bin/machine           = unknown
/usr/bin/oslevel       = unknown
/bin/universe          = unknown

PATH: /bin
PATH: /sbin
PATH: /home/yotu/bin
PATH: /home/yotu/sbin
PATH: /usr/bin
PATH: /usr/sbin
PATH: /usr/local/bin
PATH: /usr/local/sbin
PATH: /opt/bin
PATH: /opt/sbin
PATH: /opt/local/sbin
PATH: /opt/local/bin


## ----------- ##
## Core tests. ##
## ----------- ##

configure:2200: checking for a BSD-compatible install
configure:2268: result: /usr/bin/install -c
configure:2279: checking whether build environment is sane
configure:2334: result: yes
configure:2485: checking for a thread-safe mkdir -p
configure:2524: result: /bin/mkdir -p
configure:2531: checking for gawk
configure:2547: found /usr/bin/gawk
configure:2558: result: gawk
configure:2569: checking whether make sets $(MAKE)
configure:2591: result: yes
configure:2620: checking whether make supports nested variables
configure:2637: result: yes
configure:2784: checking for g++
configure:2800: found /usr/bin/g++
configure:2811: result: g++
configure:2838: checking for C++ compiler version
configure:2847: g++ --version >&5
g++ (Ubuntu/Linaro 4.8.1-10ubuntu9) 4.8.1
Copyright (C) 2013 Free Software Foundation, Inc.
This is free software; see the source for copying conditions.  There is NO
warranty; not even for MERCHANTABILITY or FITNESS FOR A PARTICULAR PURPOSE.

configure:2858: $? = 0
configure:2847: g++ -v >&5
Using built-in specs.
COLLECT_GCC=g++
COLLECT_LTO_WRAPPER=/usr/lib/gcc/x86_64-linux-gnu/4.8/lto-wrapper
Target: x86_64-linux-gnu
Configured with: ../src/configure -v --with-pkgversion='Ubuntu/Linaro 4.8.1-10ubuntu9' --with-bugurl=file:///usr/share/doc/gcc-4.8/README.Bugs --enable-languages=c,c++,java,go,d,fortran,objc,obj-c++ --prefix=/usr --program-suffix=-4.8 --enable-shared --enable-linker-build-id --libexecdir=/usr/lib --without-included-gettext --enable-threads=posix --with-gxx-include-dir=/usr/include/c++/4.8 --libdir=/usr/lib --enable-nls --with-sysroot=/ --enable-clocale=gnu --enable-libstdcxx-debug --enable-libstdcxx-time=yes --enable-gnu-unique-object --enable-plugin --with-system-zlib --disable-browser-plugin --enable-java-awt=gtk --enable-gtk-cairo --with-java-home=/usr/lib/jvm/java-1.5.0-gcj-4.8-amd64/jre --enable-java-home --with-jvm-root-dir=/usr/lib/jvm/java-1.5.0-gcj-4.8-amd64 --with-jvm-jar-dir=/usr/lib/jvm-exports/java-1.5.0-gcj-4.8-amd64 --with-arch-directory=amd64 --with-ecj-jar=/usr/share/java/eclipse-ecj.jar --enable-objc-gc --enable-multiarch --disable-werror --with-arch-32=i686 --with-abi=m64 --with-multilib-list=m32,m64,mx32 --with-tune=generic --enable-checking=release --build=x86_64-linux-gnu --host=x86_64-linux-gnu --target=x86_64-linux-gnu
Thread model: posix
gcc version 4.8.1 (Ubuntu/Linaro 4.8.1-10ubuntu9) 
configure:2858: $? = 0
configure:2847: g++ -V >&5
g++: error: unrecognized command line option '-V'
g++: fatal error: no input files
compilation terminated.
configure:2858: $? = 4
configure:2847: g++ -qversion >&5
g++: error: unrecognized command line option '-qversion'
g++: fatal error: no input files
compilation terminated.
configure:2858: $? = 4
configure:2878: checking whether the C++ compiler works
configure:2900: g++    conftest.cpp  >&5
configure:2904: $? = 0
configure:2952: result: yes
configure:2955: checking for C++ compiler default output file name
configure:2957: result: a.out
configure:2963: checking for suffix of executables
configure:2970: g++ -o conftest    conftest.cpp  >&5
configure:2974: $? = 0
configure:2996: result: 
configure:3018: checking whether we are cross compiling
configure:3026: g++ -o conftest    conftest.cpp  >&5
configure:3030: $? = 0
configure:3037: ./conftest
configure:3041: $? = 0
configure:3056: result: no
configure:3061: checking for suffix of object files
configure:3083: g++ -c   conftest.cpp >&5
configure:3087: $? = 0
configure:3108: result: o
configure:3112: checking whether we are using the GNU C++ compiler
configure:3131: g++ -c   conftest.cpp >&5
configure:3131: $? = 0
configure:3140: result: yes
configure:3149: checking whether g++ accepts -g
configure:3169: g++ -c -g  conftest.cpp >&5
configure:3169: $? = 0
configure:3210: result: yes
configure:3244: checking for style of include used by make
configure:3272: result: GNU
configure:3298: checking dependency style of g++
configure:3409: result: gcc3
configure:3472: checking for gcc
configure:3488: found /usr/bin/gcc
configure:3499: result: gcc
configure:3728: checking for C compiler version
configure:3737: gcc --version >&5
gcc (Ubuntu/Linaro 4.8.1-10ubuntu9) 4.8.1
Copyright (C) 2013 Free Software Foundation, Inc.
This is free software; see the source for copying conditions.  There is NO
warranty; not even for MERCHANTABILITY or FITNESS FOR A PARTICULAR PURPOSE.

configure:3748: $? = 0
configure:3737: gcc -v >&5
Using built-in specs.
COLLECT_GCC=gcc
COLLECT_LTO_WRAPPER=/usr/lib/gcc/x86_64-linux-gnu/4.8/lto-wrapper
Target: x86_64-linux-gnu
Configured with: ../src/configure -v --with-pkgversion='Ubuntu/Linaro 4.8.1-10ubuntu9' --with-bugurl=file:///usr/share/doc/gcc-4.8/README.Bugs --enable-languages=c,c++,java,go,d,fortran,objc,obj-c++ --prefix=/usr --program-suffix=-4.8 --enable-shared --enable-linker-build-id --libexecdir=/usr/lib --without-included-gettext --enable-threads=posix --with-gxx-include-dir=/usr/include/c++/4.8 --libdir=/usr/lib --enable-nls --with-sysroot=/ --enable-clocale=gnu --enable-libstdcxx-debug --enable-libstdcxx-time=yes --enable-gnu-unique-object --enable-plugin --with-system-zlib --disable-browser-plugin --enable-java-awt=gtk --enable-gtk-cairo --with-java-home=/usr/lib/jvm/java-1.5.0-gcj-4.8-amd64/jre --enable-java-home --with-jvm-root-dir=/usr/lib/jvm/java-1.5.0-gcj-4.8-amd64 --with-jvm-jar-dir=/usr/lib/jvm-exports/java-1.5.0-gcj-4.8-amd64 --with-arch-directory=amd64 --with-ecj-jar=/usr/share/java/eclipse-ecj.jar --enable-objc-gc --enable-multiarch --disable-werror --with-arch-32=i686 --with-abi=m64 --with-multilib-list=m32,m64,mx32 --with-tune=generic --enable-checking=release --build=x86_64-linux-gnu --host=x86_64-linux-gnu --target=x86_64-linux-gnu
Thread model: posix
gcc version 4.8.1 (Ubuntu/Linaro 4.8.1-10ubuntu9) 
configure:3748: $? = 0
configure:3737: gcc -V >&5
gcc: error: unrecognized command line option '-V'
gcc: fatal error: no input files
compilation terminated.
configure:3748: $? = 4
configure:3737: gcc -qversion >&5
gcc: error: unrecognized command line option '-qversion'
gcc: fatal error: no input files
compilation terminated.
configure:3748: $? = 4
configure:3752: checking whether we are using the GNU C compiler
configure:3771: gcc -c   conftest.c >&5
configure:3771: $? = 0
configure:3780: result: yes
configure:3789: checking whether gcc accepts -g
configure:3809: gcc -c -g  conftest.c >&5
configure:3809: $? = 0
configure:3850: result: yes
configure:3867: checking for gcc option to accept ISO C89
configure:3930: gcc  -c -g -O2  conftest.c >&5
configure:3930: $? = 0
configure:3943: result: none needed
configure:3965: checking dependency style of gcc
configure:4076: result: gcc3
configure:4095: checking for main in -lsqlite3
configure:4114: gcc -o conftest -g -O2   conftest.c -lsqlite3   >&5
configure:4114: $? = 0
configure:4123: result: yes
configure:4143: checking how to run the C preprocessor
configure:4174: gcc -E  conftest.c
configure:4174: $? = 0
configure:4188: gcc -E  conftest.c
conftest.c:12:28: fatal error: ac_nonexistent.h: No such file or directory
 #include <ac_nonexistent.h>
                            ^
compilation terminated.
configure:4188: $? = 1
configure: failed program was:
| /* confdefs.h */
| #define PACKAGE_NAME "AWorkLog_Diary"
| #define PACKAGE_TARNAME "aworklog_diary"
| #define PACKAGE_VERSION "0.1"
| #define PACKAGE_STRING "AWorkLog_Diary 0.1"
| #define PACKAGE_BUGREPORT "aiya000.develop@gmail.com"
| #define PACKAGE_URL ""
| #define PACKAGE "aworklog_diary"
| #define VERSION "0.1"
| #define HAVE_LIBSQLITE3 1
| /* end confdefs.h.  */
| #include <ac_nonexistent.h>
configure:4213: result: gcc -E
configure:4233: gcc -E  conftest.c
configure:4233: $? = 0
configure:4247: gcc -E  conftest.c
conftest.c:12:28: fatal error: ac_nonexistent.h: No such file or directory
 #include <ac_nonexistent.h>
                            ^
compilation terminated.
configure:4247: $? = 1
configure: failed program was:
| /* confdefs.h */
| #define PACKAGE_NAME "AWorkLog_Diary"
| #define PACKAGE_TARNAME "aworklog_diary"
| #define PACKAGE_VERSION "0.1"
| #define PACKAGE_STRING "AWorkLog_Diary 0.1"
| #define PACKAGE_BUGREPORT "aiya000.develop@gmail.com"
| #define PACKAGE_URL ""
| #define PACKAGE "aworklog_diary"
| #define VERSION "0.1"
| #define HAVE_LIBSQLITE3 1
| /* end confdefs.h.  */
| #include <ac_nonexistent.h>
configure:4276: checking for grep that handles long lines and -e
configure:4334: result: /bin/grep
configure:4339: checking for egrep
configure:4401: result: /bin/grep -E
configure:4406: checking for ANSI C header files
configure:4426: gcc -c -g -O2  conftest.c >&5
configure:4426: $? = 0
configure:4499: gcc -o conftest -g -O2   conftest.c -lsqlite3  >&5
configure:4499: $? = 0
configure:4499: ./conftest
configure:4499: $? = 0
configure:4510: result: yes
configure:4523: checking for sys/types.h
configure:4523: gcc -c -g -O2  conftest.c >&5
configure:4523: $? = 0
configure:4523: result: yes
configure:4523: checking for sys/stat.h
configure:4523: gcc -c -g -O2  conftest.c >&5
configure:4523: $? = 0
configure:4523: result: yes
configure:4523: checking for stdlib.h
configure:4523: gcc -c -g -O2  conftest.c >&5
configure:4523: $? = 0
configure:4523: result: yes
configure:4523: checking for string.h
configure:4523: gcc -c -g -O2  conftest.c >&5
configure:4523: $? = 0
configure:4523: result: yes
configure:4523: checking for memory.h
configure:4523: gcc -c -g -O2  conftest.c >&5
configure:4523: $? = 0
configure:4523: result: yes
configure:4523: checking for strings.h
configure:4523: gcc -c -g -O2  conftest.c >&5
configure:4523: $? = 0
configure:4523: result: yes
configure:4523: checking for inttypes.h
configure:4523: gcc -c -g -O2  conftest.c >&5
configure:4523: $? = 0
configure:4523: result: yes
configure:4523: checking for stdint.h
configure:4523: gcc -c -g -O2  conftest.c >&5
configure:4523: $? = 0
configure:4523: result: yes
configure:4523: checking for unistd.h
configure:4523: gcc -c -g -O2  conftest.c >&5
configure:4523: $? = 0
configure:4523: result: yes
configure:4535: checking for stdbool.h that conforms to C99
configure:4602: gcc -c -g -O2  conftest.c >&5
configure:4602: $? = 0
configure:4609: result: yes
configure:4611: checking for _Bool
configure:4611: gcc -c -g -O2  conftest.c >&5
configure:4611: $? = 0
configure:4611: gcc -c -g -O2  conftest.c >&5
conftest.c: In function 'main':
conftest.c:58:20: error: expected expression before ')' token
 if (sizeof ((_Bool)))
                    ^
configure:4611: $? = 1
configure: failed program was:
| /* confdefs.h */
| #define PACKAGE_NAME "AWorkLog_Diary"
| #define PACKAGE_TARNAME "aworklog_diary"
| #define PACKAGE_VERSION "0.1"
| #define PACKAGE_STRING "AWorkLog_Diary 0.1"
| #define PACKAGE_BUGREPORT "aiya000.develop@gmail.com"
| #define PACKAGE_URL ""
| #define PACKAGE "aworklog_diary"
| #define VERSION "0.1"
| #define HAVE_LIBSQLITE3 1
| #define STDC_HEADERS 1
| #define HAVE_SYS_TYPES_H 1
| #define HAVE_SYS_STAT_H 1
| #define HAVE_STDLIB_H 1
| #define HAVE_STRING_H 1
| #define HAVE_MEMORY_H 1
| #define HAVE_STRINGS_H 1
| #define HAVE_INTTYPES_H 1
| #define HAVE_STDINT_H 1
| #define HAVE_UNISTD_H 1
| /* end confdefs.h.  */
| #include <stdio.h>
| #ifdef HAVE_SYS_TYPES_H
| # include <sys/types.h>
| #endif
| #ifdef HAVE_SYS_STAT_H
| # include <sys/stat.h>
| #endif
| #ifdef STDC_HEADERS
| # include <stdlib.h>
| # include <stddef.h>
| #else
| # ifdef HAVE_STDLIB_H
| #  include <stdlib.h>
| # endif
| #endif
| #ifdef HAVE_STRING_H
| # if !defined STDC_HEADERS && defined HAVE_MEMORY_H
| #  include <memory.h>
| # endif
| # include <string.h>
| #endif
| #ifdef HAVE_STRINGS_H
| # include <strings.h>
| #endif
| #ifdef HAVE_INTTYPES_H
| # include <inttypes.h>
| #endif
| #ifdef HAVE_STDINT_H
| # include <stdint.h>
| #endif
| #ifdef HAVE_UNISTD_H
| # include <unistd.h>
| #endif
| int
| main ()
| {
| if (sizeof ((_Bool)))
| 	    return 0;
|   ;
|   return 0;
| }
configure:4611: result: yes
configure:4622: checking for inline
configure:4638: gcc -c -g -O2  conftest.c >&5
configure:4638: $? = 0
configure:4646: result: inline
configure:4668: checking for mkdir
configure:4668: gcc -o conftest -g -O2   conftest.c -lsqlite3  >&5
configure:4668: $? = 0
configure:4668: result: yes
configure:4789: checking that generated files are newer than configure
configure:4795: result: done
configure:4822: creating ./config.status

## ---------------------- ##
## Running config.status. ##
## ---------------------- ##

This file was extended by AWorkLog_Diary config.status 0.1, which was
generated by GNU Autoconf 2.69.  Invocation command line was

  CONFIG_FILES    = 
  CONFIG_HEADERS  = 
  CONFIG_LINKS    = 
  CONFIG_COMMANDS = 
  $ ./config.status 

on yotu-H116K

config.status:862: creating Makefile
config.status:862: creating src/Makefile
config.status:862: creating config.h
config.status:1091: executing depfiles commands

## ---------------- ##
## Cache variables. ##
## ---------------- ##

ac_cv_c_compiler_gnu=yes
ac_cv_c_inline=inline
ac_cv_cxx_compiler_gnu=yes
ac_cv_env_CCC_set=
ac_cv_env_CCC_value=
ac_cv_env_CC_set=
ac_cv_env_CC_value=
ac_cv_env_CFLAGS_set=
ac_cv_env_CFLAGS_value=
ac_cv_env_CPPFLAGS_set=
ac_cv_env_CPPFLAGS_value=
ac_cv_env_CPP_set=
ac_cv_env_CPP_value=
ac_cv_env_CXXFLAGS_set=
ac_cv_env_CXXFLAGS_value=
ac_cv_env_CXX_set=
ac_cv_env_CXX_value=
ac_cv_env_LDFLAGS_set=
ac_cv_env_LDFLAGS_value=
ac_cv_env_LIBS_set=
ac_cv_env_LIBS_value=
ac_cv_env_build_alias_set=
ac_cv_env_build_alias_value=
ac_cv_env_host_alias_set=
ac_cv_env_host_alias_value=
ac_cv_env_target_alias_set=
ac_cv_env_target_alias_value=
ac_cv_func_mkdir=yes
ac_cv_header_inttypes_h=yes
ac_cv_header_memory_h=yes
ac_cv_header_stdbool_h=yes
ac_cv_header_stdc=yes
ac_cv_header_stdint_h=yes
ac_cv_header_stdlib_h=yes
ac_cv_header_string_h=yes
ac_cv_header_strings_h=yes
ac_cv_header_sys_stat_h=yes
ac_cv_header_sys_types_h=yes
ac_cv_header_unistd_h=yes
ac_cv_lib_sqlite3_main=yes
ac_cv_objext=o
ac_cv_path_EGREP='/bin/grep -E'
ac_cv_path_GREP=/bin/grep
ac_cv_path_install='/usr/bin/install -c'
ac_cv_path_mkdir=/bin/mkdir
ac_cv_prog_AWK=gawk
ac_cv_prog_CPP='gcc -E'
ac_cv_prog_ac_ct_CC=gcc
ac_cv_prog_ac_ct_CXX=g++
ac_cv_prog_cc_c89=
ac_cv_prog_cc_g=yes
ac_cv_prog_cxx_g=yes
ac_cv_prog_make_make_set=yes
ac_cv_type__Bool=yes
am_cv_CC_dependencies_compiler_type=gcc3
am_cv_CXX_dependencies_compiler_type=gcc3
am_cv_make_support_nested_variables=yes

## ----------------- ##
## Output variables. ##
## ----------------- ##

ACLOCAL='${SHELL} /home/yotu/Documents/workspace/C++/makes/AWorkLog_Diary/missing aclocal-1.13'
AMDEPBACKSLASH='\'
AMDEP_FALSE='#'
AMDEP_TRUE=''
AMTAR='$${TAR-tar}'
AM_BACKSLASH='\'
AM_DEFAULT_V='$(AM_DEFAULT_VERBOSITY)'
AM_DEFAULT_VERBOSITY='1'
AM_V='$(V)'
AUTOCONF='${SHELL} /home/yotu/Documents/workspace/C++/makes/AWorkLog_Diary/missing autoconf'
AUTOHEADER='${SHELL} /home/yotu/Documents/workspace/C++/makes/AWorkLog_Diary/missing autoheader'
AUTOMAKE='${SHELL} /home/yotu/Documents/workspace/C++/makes/AWorkLog_Diary/missing automake-1.13'
AWK='gawk'
CC='gcc'
CCDEPMODE='depmode=gcc3'
CFLAGS='-g -O2'
CPP='gcc -E'
CPPFLAGS=''
CXX='g++'
CXXDEPMODE='depmode=gcc3'
CXXFLAGS='-g -O2'
CYGPATH_W='echo'
DEFS='-DHAVE_CONFIG_H'
DEPDIR='.deps'
ECHO_C=''
ECHO_N='-n'
ECHO_T=''
EGREP='/bin/grep -E'
EXEEXT=''
GREP='/bin/grep'
INSTALL_DATA='${INSTALL} -m 644'
INSTALL_PROGRAM='${INSTALL}'
INSTALL_SCRIPT='${INSTALL}'
INSTALL_STRIP_PROGRAM='$(install_sh) -c -s'
LDFLAGS=''
LIBOBJS=''
LIBS='-lsqlite3 '
LTLIBOBJS=''
MAKEINFO='${SHELL} /home/yotu/Documents/workspace/C++/makes/AWorkLog_Diary/missing makeinfo'
MKDIR_P='/bin/mkdir -p'
OBJEXT='o'
PACKAGE='aworklog_diary'
PACKAGE_BUGREPORT='aiya000.develop@gmail.com'
PACKAGE_NAME='AWorkLog_Diary'
PACKAGE_STRING='AWorkLog_Diary 0.1'
PACKAGE_TARNAME='aworklog_diary'
PACKAGE_URL=''
PACKAGE_VERSION='0.1'
PATH_SEPARATOR=':'
SET_MAKE=''
SHELL='/bin/bash'
STRIP=''
VERSION='0.1'
ac_ct_CC='gcc'
ac_ct_CXX='g++'
am__EXEEXT_FALSE=''
am__EXEEXT_TRUE='#'
am__fastdepCC_FALSE='#'
am__fastdepCC_TRUE=''
am__fastdepCXX_FALSE='#'
am__fastdepCXX_TRUE=''
am__include='include'
am__isrc=''
am__leading_dot='.'
am__nodep='_no'
am__quote=''
am__tar='$${TAR-tar} chof - "$$tardir"'
am__untar='$${TAR-tar} xf -'
bindir='${exec_prefix}/bin'
build_alias=''
datadir='${datarootdir}'
datarootdir='${prefix}/share'
docdir='${datarootdir}/doc/${PACKAGE_TARNAME}'
dvidir='${docdir}'
exec_prefix='${prefix}'
host_alias=''
htmldir='${docdir}'
includedir='${prefix}/include'
infodir='${datarootdir}/info'
install_sh='${SHELL} /home/yotu/Documents/workspace/C++/makes/AWorkLog_Diary/install-sh'
libdir='${exec_prefix}/lib'
libexecdir='${exec_prefix}/libexec'
localedir='${datarootdir}/locale'
localstatedir='${prefix}/var'
mandir='${datarootdir}/man'
mkdir_p='$(MKDIR_P)'
oldincludedir='/usr/include'
pdfdir='${docdir}'
prefix='/usr/local'
program_transform_name='s,x,x,'
psdir='${docdir}'
sbindir='${exec_prefix}/sbin'
sharedstatedir='${prefix}/com'
sysconfdir='${prefix}/etc'
target_alias=''

## ----------- ##
## confdefs.h. ##
## ----------- ##

/* confdefs.h */
#define PACKAGE_NAME "AWorkLog_Diary"
#define PACKAGE_TARNAME "aworklog_diary"
#define PACKAGE_VERSION "0.1"
#define PACKAGE_STRING "AWorkLog_Diary 0.1"
#define PACKAGE_BUGREPORT "aiya000.develop@gmail.com"
#define PACKAGE_URL ""
#define PACKAGE "aworklog_diary"
#define VERSION "0.1"
#define HAVE_LIBSQLITE3 1
#define STDC_HEADERS 1
#define HAVE_SYS_TYPES_H 1
#define HAVE_SYS_STAT_H 1
#define HAVE_STDLIB_H 1
#define HAVE_STRING_H 1
#define HAVE_MEMORY_H 1
#define HAVE_STRINGS_H 1
#define HAVE_INTTYPES_H 1
#define HAVE_STDINT_H 1
#define HAVE_UNISTD_H 1
#define HAVE__BOOL 1
#define HAVE_MKDIR 1

configure: exit 0

## ---------------------- ##
## Running config.status. ##
## ---------------------- ##

This file was extended by AWorkLog_Diary config.status 0.1, which was
generated by GNU Autoconf 2.69.  Invocation command line was

  CONFIG_FILES    = 
  CONFIG_HEADERS  = 
  CONFIG_LINKS    = 
  CONFIG_COMMANDS = 
  $ ./config.status src/Makefile depfiles

on yotu-H116K

config.status:862: creating src/Makefile
config.status:1091: executing depfiles commands

## ---------------------- ##
## Running config.status. ##
## ---------------------- ##

This file was extended by AWorkLog_Diary config.status 0.1, which was
generated by GNU Autoconf 2.69.  Invocation command line was

  CONFIG_FILES    = 
  CONFIG_HEADERS  = 
  CONFIG_LINKS    = 
  CONFIG_COMMANDS = 
  $ ./config.status src/Makefile depfiles

on yotu-H116K

config.status:862: creating src/Makefile
config.status:1091: executing depfiles commands
